starter/app/build/intermediates/manifest_merge_blame_file/debug/manifest-merger-blame-debug-report.txt
1<?xml version="1.0" encoding="utf-8"?>
2<manifest xmlns:android="http://schemas.android.com/apk/res/android"
3    package="com.raywenderlich.android.redditclone"
4    android:versionCode="1"
5    android:versionName="1.0" >
6
7    <uses-sdk
8        android:minSdkVersion="21"
8-->src\main\AndroidManifest.xml
9        android:targetSdkVersion="30" />
9-->src\main\AndroidManifest.xml
10
11    <uses-permission android:name="android.permission.INTERNET" />
11-->src\main\AndroidManifest.xml:7:5-67
11-->src\main\AndroidManifest.xml:7:22-64
12
13    <application
13-->src\main\AndroidManifest.xml:9:5-26:19
14        android:allowBackup="true"
14-->src\main\AndroidManifest.xml:10:9-35
15        android:appComponentFactory="androidx.core.app.CoreComponentFactory"
15-->[androidx.core:core:1.5.0-alpha02] AndroidManifest.xml:24:18-86
16        android:debuggable="true"
17        android:icon="@mipmap/ic_launcher"
17-->src\main\AndroidManifest.xml:11:9-43
18        android:label="@string/app_name"
18-->src\main\AndroidManifest.xml:12:9-41
19        android:networkSecurityConfig="@xml/network_security_config"
19-->src\main\AndroidManifest.xml:13:9-69
20        android:roundIcon="@mipmap/ic_launcher_round"
20-->src\main\AndroidManifest.xml:14:9-54
21        android:supportsRtl="true"
21-->src\main\AndroidManifest.xml:15:9-35
22        android:testOnly="true"
23        android:theme="@style/SplashTheme"
23-->src\main\AndroidManifest.xml:16:9-43
24        android:usesCleartextTraffic="true" >
24-->src\main\AndroidManifest.xml:17:9-44
25        <activity android:name="com.raywenderlich.android.redditclone.ui.RedditPostsActivity" >
25-->src\main\AndroidManifest.xml:19:9-25:20
25-->src\main\AndroidManifest.xml:19:19-57
26            <intent-filter>
26-->src\main\AndroidManifest.xml:20:13-24:29
27                <action android:name="android.intent.action.MAIN" />
27-->src\main\AndroidManifest.xml:21:17-69
27-->src\main\AndroidManifest.xml:21:25-66
28
29                <category android:name="android.intent.category.LAUNCHER" />
29-->src\main\AndroidManifest.xml:23:17-77
29-->src\main\AndroidManifest.xml:23:27-74
30            </intent-filter>
31        </activity>
32
33        <service
33-->[androidx.room:room-runtime:2.3.0-alpha02] AndroidManifest.xml:25:9-28:40
34            android:name="androidx.room.MultiInstanceInvalidationService"
34-->[androidx.room:room-runtime:2.3.0-alpha02] AndroidManifest.xml:26:13-74
35            android:directBootAware="true"
35-->[androidx.room:room-runtime:2.3.0-alpha02] AndroidManifest.xml:27:13-43
36            android:exported="false" />
36-->[androidx.room:room-runtime:2.3.0-alpha02] AndroidManifest.xml:28:13-37
37
38        <provider
38-->[androidx.lifecycle:lifecycle-process:2.2.0] AndroidManifest.xml:25:9-29:43
39            android:name="androidx.lifecycle.ProcessLifecycleOwnerInitializer"
39-->[androidx.lifecycle:lifecycle-process:2.2.0] AndroidManifest.xml:26:13-79
40            android:authorities="com.raywenderlich.android.redditclone.lifecycle-process"
40-->[androidx.lifecycle:lifecycle-process:2.2.0] AndroidManifest.xml:27:13-69
41            android:exported="false"
41-->[androidx.lifecycle:lifecycle-process:2.2.0] AndroidManifest.xml:28:13-37
42            android:multiprocess="true" />
42-->[androidx.lifecycle:lifecycle-process:2.2.0] AndroidManifest.xml:29:13-40
43    </application>
44
45</manifest>